[    1242ms] [ERROR] Failed to load resource: the server responded with a status of 500 (Internal Server Error) @ http://localhost:3001/chat:0
[    1508ms] [INFO] %cDownload the React DevTools for a better development experience: https://reactjs.org/link/react-devtools font-weight:bold @ webpack-internal:///./node_modules/react-dom/cjs/react-dom.development.js:29889
[    1548ms] Error: Cannot find module './948.js'
Require stack:
- /Users/vietquocbui/repos/ResumeAnalyze/.next/server/webpack-runtime.js
- /Users/vietquocbui/repos/ResumeAnalyze/.next/server/app/jobs/page.js
- /Users/vietquocbui/repos/ResumeAnalyze/node_modules/next/dist/server/require.js
- /Users/vietquocbui/repos/ResumeAnalyze/node_modules/next/dist/server/load-components.js
- /Users/vietquocbui/repos/ResumeAnalyze/node_modules/next/dist/build/utils.js
- /Users/vietquocbui/repos/ResumeAnalyze/node_modules/next/dist/server/dev/hot-middleware.js
- /Users/vietquocbui/repos/ResumeAnalyze/node_modules/next/dist/server/dev/hot-reloader-webpack.js
- /Users/vietquocbui/repos/ResumeAnalyze/node_modules/next/dist/server/lib/router-utils/setup-dev-bundler.js
- /Users/vietquocbui/repos/ResumeAnalyze/node_modules/next/dist/server/lib/router-server.js
- /Users/vietquocbui/repos/ResumeAnalyze/node_modules/next/dist/server/lib/start-server.js
    at Function.<anonymous> (node:internal/modules/cjs/loader:1405:15)
    at <unknown> (file:///Users/vietquocbui/repos/ResumeAnalyze/node_modules/next/dist/server/require-hook.js:55:36)
    at defaultResolveImpl (node:internal/modules/cjs/loader:1061:19)
    at resolveForCJSWithHooks (node:internal/modules/cjs/loader:1066:22)
    at Function._load (node:internal/modules/cjs/loader:1215:37)
    at TracingChannel.traceSync (node:diagnostics_channel:322:14)
    at wrapModuleLoad (node:internal/modules/cjs/loader:235:24)
    at Module.<anonymous> (node:internal/modules/cjs/loader:1491:12)
    at mod.require (file:///Users/vietquocbui/repos/ResumeAnalyze/node_modules/next/dist/server/require-hook.js:65:28)
    at require (node:internal/modules/helpers:135:16)
    at __webpack_require__.f.require (file:///Users/vietquocbui/repos/ResumeAnalyze/.next/server/webpack-runtime.js:198:28)
    at <unknown> (file:///Users/vietquocbui/repos/ResumeAnalyze/.next/server/webpack-runtime.js:111:40)
    at Array.reduce (<anonymous>)
    at __webpack_require__.e (file:///Users/vietquocbui/repos/ResumeAnalyze/.next/server/webpack-runtime.js:110:67)
    at Array.map (<anonymous>)
    at __webpack_require__.X (file:///Users/vietquocbui/repos/ResumeAnalyze/.next/server/webpack-runtime.js:162:22)
    at <unknown> (file:///Users/vietquocbui/repos/ResumeAnalyze/.next/server/app/chat/page.js:1:5428)
    at Object.<anonymous> (file:///Users/vietquocbui/repos/ResumeAnalyze/.next/server/app/chat/page.js:1:5474)
    at Module._compile (node:internal/modules/cjs/loader:1734:14)
    at Object..js (node:internal/modules/cjs/loader:1899:10)
    at Module.load (node:internal/modules/cjs/loader:1469:32)
    at Function._load (node:internal/modules/cjs/loader:1286:12)
    at TracingChannel.traceSync (node:diagnostics_channel:322:14)
    at wrapModuleLoad (node:internal/modules/cjs/loader:235:24)
    at Module.<anonymous> (node:internal/modules/cjs/loader:1491:12)
    at mod.require (file:///Users/vietquocbui/repos/ResumeAnalyze/node_modules/next/dist/server/require-hook.js:65:28)
    at require (node:internal/modules/helpers:135:16)
    at requirePage (file:///Users/vietquocbui/repos/ResumeAnalyze/node_modules/next/dist/server/require.js:109:84)
    at <unknown> (file:///Users/vietquocbui/repos/ResumeAnalyze/node_modules/next/dist/server/load-components.js:103:84)
    at async loadComponentsImpl (file:///Users/vietquocbui/repos/ResumeAnalyze/node_modules/next/dist/server/load-components.js:103:26)
    at async DevServer.findPageComponentsImpl (file:///Users/vietquocbui/repos/ResumeAnalyze/node_modules/next/dist/server/next-server.js:714:36)
    at async DevServer.findPageComponents (file:///Users/vietquocbui/repos/ResumeAnalyze/node_modules/next/dist/server/dev/next-dev-server.js:577:20)
    at async DevServer.renderPageComponent (file:///Users/vietquocbui/repos/ResumeAnalyze/node_modules/next/dist/server/base-server.js:1910:24)
    at async DevServer.renderToResponseImpl (file:///Users/vietquocbui/repos/ResumeAnalyze/node_modules/next/dist/server/base-server.js:1962:32)
    at async DevServer.pipeImpl (file:///Users/vietquocbui/repos/ResumeAnalyze/node_modules/next/dist/server/base-server.js:922:25)
    at async NextNodeServer.handleCatchallRenderRequest (file:///Users/vietquocbui/repos/ResumeAnalyze/node_modules/next/dist/server/next-server.js:272:17)
    at async DevServer.handleRequestImpl (file:///Users/vietquocbui/repos/ResumeAnalyze/node_modules/next/dist/server/base-server.js:818:17)
    at async (file:///Users/vietquocbui/repos/ResumeAnalyze/node_modules/next/dist/server/dev/next-dev-server.js:339:20)
    at async Span.traceAsyncFn (file:///Users/vietquocbui/repos/ResumeAnalyze/node_modules/next/dist/trace/trace.js:154:20)
    at async DevServer.handleRequest (file:///Users/vietquocbui/repos/ResumeAnalyze/node_modules/next/dist/server/dev/next-dev-server.js:336:24)
    at async invokeRender (file:///Users/vietquocbui/repos/ResumeAnalyze/node_modules/next/dist/server/lib/router-server.js:179:21)
    at async handleRequest (file:///Users/vietquocbui/repos/ResumeAnalyze/node_modules/next/dist/server/lib/router-server.js:359:24)
    at async requestHandlerImpl (file:///Users/vietquocbui/repos/ResumeAnalyze/node_modules/next/dist/server/lib/router-server.js:383:13)
    at async Server.requestListener (file:///Users/vietquocbui/repos/ResumeAnalyze/node_modules/next/dist/server/lib/start-server.js:141:13)
[    1547ms] [LOG] [HMR] connected @ webpack-internal:///./node_modules/next/dist/client/components/react-dev-overlay/pages/websocket.js:38
