[     225ms] [ERROR] Failed to load resource: the server responded with a status of 500 (Internal Server Error) @ http://localhost:3001/config:0
[     327ms] [INFO] %cDownload the React DevTools for a better development experience: https://reactjs.org/link/react-devtools font-weight:bold @ webpack-internal:///./node_modules/react-dom/cjs/react-dom.development.js:29889
[     338ms] Error: Cannot find module './948.js'
Require stack:
- /Users/vietquocbui/repos/ResumeAnalyze/.next/server/webpack-runtime.js
- /Users/vietquocbui/repos/ResumeAnalyze/.next/server/app/config/page.js
- /Users/vietquocbui/repos/ResumeAnalyze/node_modules/next/dist/server/require.js
- /Users/vietquocbui/repos/ResumeAnalyze/node_modules/next/dist/server/load-components.js
- /Users/vietquocbui/repos/ResumeAnalyze/node_modules/next/dist/build/utils.js
- /Users/vietquocbui/repos/ResumeAnalyze/node_modules/next/dist/server/dev/hot-middleware.js
- /Users/vietquocbui/repos/ResumeAnalyze/node_modules/next/dist/server/dev/hot-reloader-webpack.js
- /Users/vietquocbui/repos/ResumeAnalyze/node_modules/next/dist/server/lib/router-utils/setup-dev-bundler.js
- /Users/vietquocbui/repos/ResumeAnalyze/node_modules/next/dist/server/lib/router-server.js
- /Users/vietquocbui/repos/ResumeAnalyze/node_modules/next/dist/server/lib/start-server.js
    at Function.<anonymous> (node:internal/modules/cjs/loader:1405:15)
    at <unknown> (file:///Users/vietquocbui/repos/ResumeAnalyze/node_modules/next/dist/server/require-hook.js:55:36)
    at defaultResolveImpl (node:internal/modules/cjs/loader:1061:19)
    at resolveForCJSWithHooks (node:internal/modules/cjs/loader:1066:22)
    at Function._load (node:internal/modules/cjs/loader:1215:37)
    at TracingChannel.traceSync (node:diagnostics_channel:322:14)
    at wrapModuleLoad (node:internal/modules/cjs/loader:235:24)
    at Module.<anonymous> (node:internal/modules/cjs/loader:1491:12)
    at mod.require (file:///Users/vietquocbui/repos/ResumeAnalyze/node_modules/next/dist/server/require-hook.js:65:28)
    at require (node:internal/modules/helpers:135:16)
    at __webpack_require__.f.require (file:///Users/vietquocbui/repos/ResumeAnalyze/.next/server/webpack-runtime.js:198:28)
    at <unknown> (file:///Users/vietquocbui/repos/ResumeAnalyze/.next/server/webpack-runtime.js:111:40)
    at Array.reduce (<anonymous>)
    at __webpack_require__.e (file:///Users/vietquocbui/repos/ResumeAnalyze/.next/server/webpack-runtime.js:110:67)
    at Array.map (<anonymous>)
    at __webpack_require__.X (file:///Users/vietquocbui/repos/ResumeAnalyze/.next/server/webpack-runtime.js:162:22)
    at <unknown> (file:///Users/vietquocbui/repos/ResumeAnalyze/.next/server/app/config/page.js:1:5063)
    at Object.<anonymous> (file:///Users/vietquocbui/repos/ResumeAnalyze/.next/server/app/config/page.js:1:5109)
    at Module._compile (node:internal/modules/cjs/loader:1734:14)
    at Object..js (node:internal/modules/cjs/loader:1899:10)
    at Module.load (node:internal/modules/cjs/loader:1469:32)
    at Function._load (node:internal/modules/cjs/loader:1286:12)
    at TracingChannel.traceSync (node:diagnostics_channel:322:14)
    at wrapModuleLoad (node:internal/modules/cjs/loader:235:24)
    at Module.<anonymous> (node:internal/modules/cjs/loader:1491:12)
    at mod.require (file:///Users/vietquocbui/repos/ResumeAnalyze/node_modules/next/dist/server/require-hook.js:65:28)
    at require (node:internal/modules/helpers:135:16)
    at requirePage (file:///Users/vietquocbui/repos/ResumeAnalyze/node_modules/next/dist/server/require.js:109:84)
    at <unknown> (file:///Users/vietquocbui/repos/ResumeAnalyze/node_modules/next/dist/server/load-components.js:103:84)
    at async loadComponentsImpl (file:///Users/vietquocbui/repos/ResumeAnalyze/node_modules/next/dist/server/load-components.js:103:26)
    at async DevServer.findPageComponentsImpl (file:///Users/vietquocbui/repos/ResumeAnalyze/node_modules/next/dist/server/next-server.js:714:36)
    at async DevServer.findPageComponents (file:///Users/vietquocbui/repos/ResumeAnalyze/node_modules/next/dist/server/dev/next-dev-server.js:577:20)
    at async DevServer.renderPageComponent (file:///Users/vietquocbui/repos/ResumeAnalyze/node_modules/next/dist/server/base-server.js:1910:24)
    at async DevServer.renderToResponseImpl (file:///Users/vietquocbui/repos/ResumeAnalyze/node_modules/next/dist/server/base-server.js:1962:32)
    at async DevServer.pipeImpl (file:///Users/vietquocbui/repos/ResumeAnalyze/node_modules/next/dist/server/base-server.js:922:25)
    at async NextNodeServer.handleCatchallRenderRequest (file:///Users/vietquocbui/repos/ResumeAnalyze/node_modules/next/dist/server/next-server.js:272:17)
    at async DevServer.handleRequestImpl (file:///Users/vietquocbui/repos/ResumeAnalyze/node_modules/next/dist/server/base-server.js:818:17)
    at async (file:///Users/vietquocbui/repos/ResumeAnalyze/node_modules/next/dist/server/dev/next-dev-server.js:339:20)
    at async Span.traceAsyncFn (file:///Users/vietquocbui/repos/ResumeAnalyze/node_modules/next/dist/trace/trace.js:154:20)
    at async DevServer.handleRequest (file:///Users/vietquocbui/repos/ResumeAnalyze/node_modules/next/dist/server/dev/next-dev-server.js:336:24)
    at async invokeRender (file:///Users/vietquocbui/repos/ResumeAnalyze/node_modules/next/dist/server/lib/router-server.js:179:21)
    at async handleRequest (file:///Users/vietquocbui/repos/ResumeAnalyze/node_modules/next/dist/server/lib/router-server.js:359:24)
    at async requestHandlerImpl (file:///Users/vietquocbui/repos/ResumeAnalyze/node_modules/next/dist/server/lib/router-server.js:383:13)
    at async Server.requestListener (file:///Users/vietquocbui/repos/ResumeAnalyze/node_modules/next/dist/server/lib/start-server.js:141:13)
[     336ms] [LOG] [HMR] connected @ webpack-internal:///./node_modules/next/dist/client/components/react-dev-overlay/pages/websocket.js:38
[   70401ms] [ERROR] Failed to load resource: the server responded with a status of 500 (Internal Server Error) @ http://localhost:3001/config:0
[   70535ms] [INFO] %cDownload the React DevTools for a better development experience: https://reactjs.org/link/react-devtools font-weight:bold @ webpack-internal:///./node_modules/react-dom/cjs/react-dom.development.js:29889
[   70546ms] Error: Cannot find module './948.js'
Require stack:
- /Users/vietquocbui/repos/ResumeAnalyze/.next/server/webpack-runtime.js
- /Users/vietquocbui/repos/ResumeAnalyze/.next/server/app/config/page.js
- /Users/vietquocbui/repos/ResumeAnalyze/node_modules/next/dist/server/require.js
- /Users/vietquocbui/repos/ResumeAnalyze/node_modules/next/dist/server/load-components.js
- /Users/vietquocbui/repos/ResumeAnalyze/node_modules/next/dist/build/utils.js
- /Users/vietquocbui/repos/ResumeAnalyze/node_modules/next/dist/server/dev/hot-middleware.js
- /Users/vietquocbui/repos/ResumeAnalyze/node_modules/next/dist/server/dev/hot-reloader-webpack.js
- /Users/vietquocbui/repos/ResumeAnalyze/node_modules/next/dist/server/lib/router-utils/setup-dev-bundler.js
- /Users/vietquocbui/repos/ResumeAnalyze/node_modules/next/dist/server/lib/router-server.js
- /Users/vietquocbui/repos/ResumeAnalyze/node_modules/next/dist/server/lib/start-server.js
    at Function.<anonymous> (node:internal/modules/cjs/loader:1405:15)
    at <unknown> (file:///Users/vietquocbui/repos/ResumeAnalyze/node_modules/next/dist/server/require-hook.js:55:36)
    at defaultResolveImpl (node:internal/modules/cjs/loader:1061:19)
    at resolveForCJSWithHooks (node:internal/modules/cjs/loader:1066:22)
    at Function._load (node:internal/modules/cjs/loader:1215:37)
    at TracingChannel.traceSync (node:diagnostics_channel:322:14)
    at wrapModuleLoad (node:internal/modules/cjs/loader:235:24)
    at Module.<anonymous> (node:internal/modules/cjs/loader:1491:12)
    at mod.require (file:///Users/vietquocbui/repos/ResumeAnalyze/node_modules/next/dist/server/require-hook.js:65:28)
    at require (node:internal/modules/helpers:135:16)
    at __webpack_require__.f.require (file:///Users/vietquocbui/repos/ResumeAnalyze/.next/server/webpack-runtime.js:198:28)
    at <unknown> (file:///Users/vietquocbui/repos/ResumeAnalyze/.next/server/webpack-runtime.js:111:40)
    at Array.reduce (<anonymous>)
    at __webpack_require__.e (file:///Users/vietquocbui/repos/ResumeAnalyze/.next/server/webpack-runtime.js:110:67)
    at Array.map (<anonymous>)
    at __webpack_require__.X (file:///Users/vietquocbui/repos/ResumeAnalyze/.next/server/webpack-runtime.js:162:22)
    at <unknown> (file:///Users/vietquocbui/repos/ResumeAnalyze/.next/server/app/config/page.js:1:5063)
    at Object.<anonymous> (file:///Users/vietquocbui/repos/ResumeAnalyze/.next/server/app/config/page.js:1:5109)
    at Module._compile (node:internal/modules/cjs/loader:1734:14)
    at Object..js (node:internal/modules/cjs/loader:1899:10)
    at Module.load (node:internal/modules/cjs/loader:1469:32)
    at Function._load (node:internal/modules/cjs/loader:1286:12)
    at TracingChannel.traceSync (node:diagnostics_channel:322:14)
    at wrapModuleLoad (node:internal/modules/cjs/loader:235:24)
    at Module.<anonymous> (node:internal/modules/cjs/loader:1491:12)
    at mod.require (file:///Users/vietquocbui/repos/ResumeAnalyze/node_modules/next/dist/server/require-hook.js:65:28)
    at require (node:internal/modules/helpers:135:16)
    at requirePage (file:///Users/vietquocbui/repos/ResumeAnalyze/node_modules/next/dist/server/require.js:109:84)
    at <unknown> (file:///Users/vietquocbui/repos/ResumeAnalyze/node_modules/next/dist/server/load-components.js:103:84)
    at async loadComponentsImpl (file:///Users/vietquocbui/repos/ResumeAnalyze/node_modules/next/dist/server/load-components.js:103:26)
    at async DevServer.findPageComponentsImpl (file:///Users/vietquocbui/repos/ResumeAnalyze/node_modules/next/dist/server/next-server.js:714:36)
    at async DevServer.findPageComponents (file:///Users/vietquocbui/repos/ResumeAnalyze/node_modules/next/dist/server/dev/next-dev-server.js:577:20)
    at async DevServer.renderPageComponent (file:///Users/vietquocbui/repos/ResumeAnalyze/node_modules/next/dist/server/base-server.js:1910:24)
    at async DevServer.renderToResponseImpl (file:///Users/vietquocbui/repos/ResumeAnalyze/node_modules/next/dist/server/base-server.js:1962:32)
    at async DevServer.pipeImpl (file:///Users/vietquocbui/repos/ResumeAnalyze/node_modules/next/dist/server/base-server.js:922:25)
    at async NextNodeServer.handleCatchallRenderRequest (file:///Users/vietquocbui/repos/ResumeAnalyze/node_modules/next/dist/server/next-server.js:272:17)
    at async DevServer.handleRequestImpl (file:///Users/vietquocbui/repos/ResumeAnalyze/node_modules/next/dist/server/base-server.js:818:17)
    at async (file:///Users/vietquocbui/repos/ResumeAnalyze/node_modules/next/dist/server/dev/next-dev-server.js:339:20)
    at async Span.traceAsyncFn (file:///Users/vietquocbui/repos/ResumeAnalyze/node_modules/next/dist/trace/trace.js:154:20)
    at async DevServer.handleRequest (file:///Users/vietquocbui/repos/ResumeAnalyze/node_modules/next/dist/server/dev/next-dev-server.js:336:24)
    at async invokeRender (file:///Users/vietquocbui/repos/ResumeAnalyze/node_modules/next/dist/server/lib/router-server.js:179:21)
    at async handleRequest (file:///Users/vietquocbui/repos/ResumeAnalyze/node_modules/next/dist/server/lib/router-server.js:359:24)
    at async requestHandlerImpl (file:///Users/vietquocbui/repos/ResumeAnalyze/node_modules/next/dist/server/lib/router-server.js:383:13)
    at async Server.requestListener (file:///Users/vietquocbui/repos/ResumeAnalyze/node_modules/next/dist/server/lib/start-server.js:141:13)
[   70546ms] [LOG] [HMR] connected @ webpack-internal:///./node_modules/next/dist/client/components/react-dev-overlay/pages/websocket.js:38
[   71350ms] [ERROR] Failed to load resource: the server responded with a status of 500 (Internal Server Error) @ http://localhost:3001/config:0
[   71501ms] [INFO] %cDownload the React DevTools for a better development experience: https://reactjs.org/link/react-devtools font-weight:bold @ webpack-internal:///./node_modules/react-dom/cjs/react-dom.development.js:29889
[   71513ms] Error: Cannot find module './948.js'
Require stack:
- /Users/vietquocbui/repos/ResumeAnalyze/.next/server/webpack-runtime.js
- /Users/vietquocbui/repos/ResumeAnalyze/.next/server/app/config/page.js
- /Users/vietquocbui/repos/ResumeAnalyze/node_modules/next/dist/server/require.js
- /Users/vietquocbui/repos/ResumeAnalyze/node_modules/next/dist/server/load-components.js
- /Users/vietquocbui/repos/ResumeAnalyze/node_modules/next/dist/build/utils.js
- /Users/vietquocbui/repos/ResumeAnalyze/node_modules/next/dist/server/dev/hot-middleware.js
- /Users/vietquocbui/repos/ResumeAnalyze/node_modules/next/dist/server/dev/hot-reloader-webpack.js
- /Users/vietquocbui/repos/ResumeAnalyze/node_modules/next/dist/server/lib/router-utils/setup-dev-bundler.js
- /Users/vietquocbui/repos/ResumeAnalyze/node_modules/next/dist/server/lib/router-server.js
- /Users/vietquocbui/repos/ResumeAnalyze/node_modules/next/dist/server/lib/start-server.js
    at Function.<anonymous> (node:internal/modules/cjs/loader:1405:15)
    at <unknown> (file:///Users/vietquocbui/repos/ResumeAnalyze/node_modules/next/dist/server/require-hook.js:55:36)
    at defaultResolveImpl (node:internal/modules/cjs/loader:1061:19)
    at resolveForCJSWithHooks (node:internal/modules/cjs/loader:1066:22)
    at Function._load (node:internal/modules/cjs/loader:1215:37)
    at TracingChannel.traceSync (node:diagnostics_channel:322:14)
    at wrapModuleLoad (node:internal/modules/cjs/loader:235:24)
    at Module.<anonymous> (node:internal/modules/cjs/loader:1491:12)
    at mod.require (file:///Users/vietquocbui/repos/ResumeAnalyze/node_modules/next/dist/server/require-hook.js:65:28)
    at require (node:internal/modules/helpers:135:16)
    at __webpack_require__.f.require (file:///Users/vietquocbui/repos/ResumeAnalyze/.next/server/webpack-runtime.js:198:28)
    at <unknown> (file:///Users/vietquocbui/repos/ResumeAnalyze/.next/server/webpack-runtime.js:111:40)
    at Array.reduce (<anonymous>)
    at __webpack_require__.e (file:///Users/vietquocbui/repos/ResumeAnalyze/.next/server/webpack-runtime.js:110:67)
    at Array.map (<anonymous>)
    at __webpack_require__.X (file:///Users/vietquocbui/repos/ResumeAnalyze/.next/server/webpack-runtime.js:162:22)
    at <unknown> (file:///Users/vietquocbui/repos/ResumeAnalyze/.next/server/app/config/page.js:1:5063)
    at Object.<anonymous> (file:///Users/vietquocbui/repos/ResumeAnalyze/.next/server/app/config/page.js:1:5109)
    at Module._compile (node:internal/modules/cjs/loader:1734:14)
    at Object..js (node:internal/modules/cjs/loader:1899:10)
    at Module.load (node:internal/modules/cjs/loader:1469:32)
    at Function._load (node:internal/modules/cjs/loader:1286:12)
    at TracingChannel.traceSync (node:diagnostics_channel:322:14)
    at wrapModuleLoad (node:internal/modules/cjs/loader:235:24)
    at Module.<anonymous> (node:internal/modules/cjs/loader:1491:12)
    at mod.require (file:///Users/vietquocbui/repos/ResumeAnalyze/node_modules/next/dist/server/require-hook.js:65:28)
    at require (node:internal/modules/helpers:135:16)
    at requirePage (file:///Users/vietquocbui/repos/ResumeAnalyze/node_modules/next/dist/server/require.js:109:84)
    at <unknown> (file:///Users/vietquocbui/repos/ResumeAnalyze/node_modules/next/dist/server/load-components.js:103:84)
    at async loadComponentsImpl (file:///Users/vietquocbui/repos/ResumeAnalyze/node_modules/next/dist/server/load-components.js:103:26)
    at async DevServer.findPageComponentsImpl (file:///Users/vietquocbui/repos/ResumeAnalyze/node_modules/next/dist/server/next-server.js:714:36)
    at async DevServer.findPageComponents (file:///Users/vietquocbui/repos/ResumeAnalyze/node_modules/next/dist/server/dev/next-dev-server.js:577:20)
    at async DevServer.renderPageComponent (file:///Users/vietquocbui/repos/ResumeAnalyze/node_modules/next/dist/server/base-server.js:1910:24)
    at async DevServer.renderToResponseImpl (file:///Users/vietquocbui/repos/ResumeAnalyze/node_modules/next/dist/server/base-server.js:1962:32)
    at async DevServer.pipeImpl (file:///Users/vietquocbui/repos/ResumeAnalyze/node_modules/next/dist/server/base-server.js:922:25)
    at async NextNodeServer.handleCatchallRenderRequest (file:///Users/vietquocbui/repos/ResumeAnalyze/node_modules/next/dist/server/next-server.js:272:17)
    at async DevServer.handleRequestImpl (file:///Users/vietquocbui/repos/ResumeAnalyze/node_modules/next/dist/server/base-server.js:818:17)
    at async (file:///Users/vietquocbui/repos/ResumeAnalyze/node_modules/next/dist/server/dev/next-dev-server.js:339:20)
    at async Span.traceAsyncFn (file:///Users/vietquocbui/repos/ResumeAnalyze/node_modules/next/dist/trace/trace.js:154:20)
    at async DevServer.handleRequest (file:///Users/vietquocbui/repos/ResumeAnalyze/node_modules/next/dist/server/dev/next-dev-server.js:336:24)
    at async invokeRender (file:///Users/vietquocbui/repos/ResumeAnalyze/node_modules/next/dist/server/lib/router-server.js:179:21)
    at async handleRequest (file:///Users/vietquocbui/repos/ResumeAnalyze/node_modules/next/dist/server/lib/router-server.js:359:24)
    at async requestHandlerImpl (file:///Users/vietquocbui/repos/ResumeAnalyze/node_modules/next/dist/server/lib/router-server.js:383:13)
    at async Server.requestListener (file:///Users/vietquocbui/repos/ResumeAnalyze/node_modules/next/dist/server/lib/start-server.js:141:13)
[   71510ms] [LOG] [HMR] connected @ webpack-internal:///./node_modules/next/dist/client/components/react-dev-overlay/pages/websocket.js:38
[   80857ms] [ERROR] WebSocket connection to 'ws://localhost:3001/_next/webpack-hmr' failed: Error in connection establishment: net::ERR_CONNECTION_REFUSED @ webpack-internal:///./node_modules/next/dist/client/components/react-dev-overlay/pages/websocket.js:63
[   81859ms] [ERROR] WebSocket connection to 'ws://localhost:3001/_next/webpack-hmr' failed: Error in connection establishment: net::ERR_CONNECTION_REFUSED @ webpack-internal:///./node_modules/next/dist/client/components/react-dev-overlay/pages/websocket.js:63
[   82862ms] [ERROR] WebSocket connection to 'ws://localhost:3001/_next/webpack-hmr' failed: Error in connection establishment: net::ERR_CONNECTION_REFUSED @ webpack-internal:///./node_modules/next/dist/client/components/react-dev-overlay/pages/websocket.js:63
[   83868ms] [ERROR] WebSocket connection to 'ws://localhost:3001/_next/webpack-hmr' failed: Error in connection establishment: net::ERR_CONNECTION_REFUSED @ webpack-internal:///./node_modules/next/dist/client/components/react-dev-overlay/pages/websocket.js:63
[   85327ms] [LOG] [HMR] connected @ webpack-internal:///./node_modules/next/dist/client/components/react-dev-overlay/pages/websocket.js:38
[   85349ms] [LOG] [Fast Refresh] rebuilding @ webpack-internal:///./node_modules/next/dist/client/components/react-dev-overlay/pages/hot-reloader-client.js:221
[   87000ms] [LOG] [Fast Refresh] rebuilding @ webpack-internal:///./node_modules/next/dist/client/components/react-dev-overlay/pages/hot-reloader-client.js:221
[   89116ms] [LOG] [Fast Refresh] rebuilding @ webpack-internal:///./node_modules/next/dist/client/components/react-dev-overlay/pages/hot-reloader-client.js:221
[   89229ms] [WARNING] [Fast Refresh] performing full reload

Fast Refresh will perform a full reload when you edit a file that's imported by modules outside of the React rendering tree.
You might have a file which exports a React component but also exports a value that is imported by a non-React component file.
Consider migrating the non-React component export to a separate file and importing it into both files.

It is also possible the parent component of the component you edited is a class component, which disables Fast Refresh.
Fast Refresh requires at least one parent function component in your React tree. @ webpack-internal:///./node_modules/next/dist/client/components/react-dev-overlay/pages/hot-reloader-client.js:347
[   89578ms] [INFO] %cDownload the React DevTools for a better development experience: https://reactjs.org/link/react-devtools font-weight:bold @ webpack-internal:///(app-pages-browser)/./node_modules/next/dist/compiled/react-dom/cjs/react-dom.development.js:38559
[   92274ms] [LOG] [Fast Refresh] rebuilding @ webpack-internal:///(app-pages-browser)/./node_modules/next/dist/client/components/react-dev-overlay/app/hot-reloader-client.js:186
[   93663ms] [LOG] [Fast Refresh] done in 1389ms @ webpack-internal:///(app-pages-browser)/./node_modules/next/dist/client/components/react-dev-overlay/app/hot-reloader-client.js:43
[  101958ms] [LOG] [Fast Refresh] rebuilding @ webpack-internal:///(app-pages-browser)/./node_modules/next/dist/client/components/react-dev-overlay/app/hot-reloader-client.js:186
[  102293ms] [LOG] [Fast Refresh] done in 336ms @ webpack-internal:///(app-pages-browser)/./node_modules/next/dist/client/components/react-dev-overlay/app/hot-reloader-client.js:43
[  103030ms] [LOG] [Fast Refresh] rebuilding @ webpack-internal:///(app-pages-browser)/./node_modules/next/dist/client/components/react-dev-overlay/app/hot-reloader-client.js:186
[  103172ms] [LOG] [Fast Refresh] done in 143ms @ webpack-internal:///(app-pages-browser)/./node_modules/next/dist/client/components/react-dev-overlay/app/hot-reloader-client.js:43
